<?xml version="1.0" encoding="UTF-8"?>
<!-- Generated by org.testng.reporters.JUnitReportReporter -->
<testsuite hostname="MacBookAir-Sharat.local" failures="0" tests="1" name="frameworkone.base.test.TestLogin" time="1.180" errors="0" timestamp="2025-09-09T23:05:09 PDT" skipped="0">
  <testcase classname="frameworkone.base.test.TestLogin" name="loginTest" time="1.180"/>
</testsuite> <!-- frameworkone.base.test.TestLogin -->
